Build started 2015/11/21 19:07:11.
     1>Project "F:\Multimedia Technologies & Applications\MMProject\MMProject\MMProject.vcxproj" on node 2 (build target(s)).
     1>InitializeBuildStatus:
         Creating "Release\MMProject.unsuccessfulbuild" because "AlwaysCreate" was specified.
       ClCompile:
         All outputs are up-to-date.
         F:\Microsoft Visual Studio 10.0\VC\bin\CL.exe /c /Zi /nologo /W3 /WX- /O2 /Oi /Oy- /GL /D WIN32 /D _WINDOWS /D NDEBUG /D _MBCS /Gm- /EHsc /MT /GS /Gy /fp:precise /Zc:wchar_t /Zc:forScope /Yu"StdAfx.h" /Fp"Release\MMProject.pch" /Fo"Release\\" /Fd"Release\vc100.pdb" /Gd /TP /analyze- /errorReport:prompt MMProjectDlg.cpp
         MMProjectDlg.cpp
     1>f:\opencv\opencv\build\include\opencv2\flann\logger.h(66): warning C4996: 'fopen': This function or variable may be unsafe. Consider using fopen_s instead. To disable deprecation, use _CRT_SECURE_NO_WARNINGS. See online help for details.
                 F:\Microsoft Visual Studio 10.0\VC\include\stdio.h(234) : see declaration of 'fopen'
     1>MMProjectDlg.cpp(232): warning C4996: 'strcpy': This function or variable may be unsafe. Consider using strcpy_s instead. To disable deprecation, use _CRT_SECURE_NO_WARNINGS. See online help for details.
                 F:\Microsoft Visual Studio 10.0\VC\include\string.h(105) : see declaration of 'strcpy'
     1>MMProjectDlg.cpp(233): warning C4996: 'strcat': This function or variable may be unsafe. Consider using strcat_s instead. To disable deprecation, use _CRT_SECURE_NO_WARNINGS. See online help for details.
                 F:\Microsoft Visual Studio 10.0\VC\include\string.h(110) : see declaration of 'strcat'
     1>MMProjectDlg.cpp(249): warning C4996: 'strcpy': This function or variable may be unsafe. Consider using strcpy_s instead. To disable deprecation, use _CRT_SECURE_NO_WARNINGS. See online help for details.
                 F:\Microsoft Visual Studio 10.0\VC\include\string.h(105) : see declaration of 'strcpy'
     1>MMProjectDlg.cpp(250): warning C4996: 'strcat': This function or variable may be unsafe. Consider using strcat_s instead. To disable deprecation, use _CRT_SECURE_NO_WARNINGS. See online help for details.
                 F:\Microsoft Visual Studio 10.0\VC\include\string.h(110) : see declaration of 'strcat'
     1>MMProjectDlg.cpp(251): warning C4996: 'strcat': This function or variable may be unsafe. Consider using strcat_s instead. To disable deprecation, use _CRT_SECURE_NO_WARNINGS. See online help for details.
                 F:\Microsoft Visual Studio 10.0\VC\include\string.h(110) : see declaration of 'strcat'
       ResourceCompile:
         All outputs are up-to-date.
       Link:
         F:\Microsoft Visual Studio 10.0\VC\bin\link.exe /ERRORREPORT:PROMPT /OUT:"F:\Multimedia Technologies & Applications\MMProject\Release\MMProject.exe" /INCREMENTAL:NO /NOLOGO opencv_calib3d2411.lib opencv_contrib2411.lib opencv_core2411.lib opencv_features2d2411.lib opencv_flann2411.lib opencv_highgui2411.lib opencv_gpu2411.lib opencv_imgproc2411.lib opencv_legacy2411.lib opencv_ml2411.lib opencv_nonfree2411.lib opencv_objdetect2411.lib opencv_photo2411.lib opencv_stitching2411.lib opencv_superres2411.lib opencv_video2411.lib opencv_videostab2411.lib opencv_ts2411.lib /MANIFEST /ManifestFile:"Release\MMProject.exe.intermediate.manifest" /MANIFESTUAC:"level='asInvoker' uiAccess='false'" /DEBUG /PDB:"F:\Multimedia Technologies & Applications\MMProject\Release\MMProject.pdb" /SUBSYSTEM:WINDOWS /OPT:REF /OPT:ICF /LTCG /TLBID:1 /DYNAMICBASE /NXCOMPAT /IMPLIB:"F:\Multimedia Technologies & Applications\MMProject\Release\MMProject.lib" /MACHINE:X86 Release\MMProject.res
         Release\CvvImage.obj
         Release\MMProject.obj
         Release\MMProjectDlg.obj
         Release\stdafx.obj
         Generating code
         Finished generating code
         MMProject.vcxproj -> F:\Multimedia Technologies & Applications\MMProject\Release\MMProject.exe
       Manifest:
         C:\Program Files (x86)\Microsoft SDKs\Windows\v7.0A\bin\mt.exe /nologo /verbose /outputresource:"F:\Multimedia Technologies & Applications\MMProject\Release\MMProject.exe;#1" /manifest Release\MMProject.exe.intermediate.manifest "F:\Microsoft Visual Studio 10.0\VC\Include\Manifest\dpiaware.manifest"
       FinalizeBuildStatus:
         Deleting file "Release\MMProject.unsuccessfulbuild".
         Touching "Release\MMProject.lastbuildstate".
     1>Done Building Project "F:\Multimedia Technologies & Applications\MMProject\MMProject\MMProject.vcxproj" (build target(s)).

Build succeeded.

Time Elapsed 00:02:01.00
